<?xml version="1.0" encoding="UTF-8"?>
<testsuite name="test" tests="4" skipped="0" failures="0" errors="0" timestamp="2020-12-27T14:00:11" hostname="Js-MacBook-Pro.local" time="0.023">
  <properties/>
  <testcase name="ifNumberEqualsToOne()" classname="test" time="0.015"/>
  <testcase name="ifNumbeEqualsToZero()" classname="test" time="0.001"/>
  <testcase name="ifNumberLessThanZero()" classname="test" time="0.004"/>
  <testcase name="ifNumberGreaterThanOne()" classname="test" time="0.001"/>
  <system-out><![CDATA[]]></system-out>
  <system-err><![CDATA[]]></system-err>
</testsuite>
